app/build/outputs/logs/manifest-merger-guanwang-debug-report.txt
-- Merging decision tree log ---
manifest
ADDED from src\main\AndroidManifest.xml:2:1-377:12
INJECTED from src\main\AndroidManifest.xml:2:1-377:12
INJECTED from src\main\AndroidManifest.xml:2:1-377:12
INJECTED from src\main\AndroidManifest.xml:2:1-377:12
MERGED from [:picture_library] AndroidManifest.xml:2:1-39:12
MERGED from [:benbencommoncore] AndroidManifest.xml:2:1-11:12
MERGED from [com.android.support:multidex:1.0.2] AndroidManifest.xml:17:1-22:12
MERGED from [com.github.LinweiJ:ViewPagerIndicator:0.1.0] AndroidManifest.xml:2:1-11:12
MERGED from [com.androidkun:XTabLayout:1.1.4] AndroidManifest.xml:2:1-16:12
MERGED from [com.stripe:stripe-android:9.3.6] AndroidManifest.xml:2:1-30:12
MERGED from [:easemob_lib] AndroidManifest.xml:2:1-123:12
MERGED from [com.github.hss01248:DialogUtil:2.0.1] AndroidManifest.xml:2:1-17:12
MERGED from [com.stripe:stripe-3ds2-android:0.0.18] AndroidManifest.xml:2:1-20:12
MERGED from [com.android.support:design:28.0.0] AndroidManifest.xml:17:1-24:12
MERGED from [liji.library.dev:citypickerview:4.2.1] AndroidManifest.xml:2:1-37:12
MERGED from [com.shuyu:gsyVideoPlayer-java:6.0.3] AndroidManifest.xml:2:1-17:12
MERGED from [:ucrop] AndroidManifest.xml:2:1-16:12
MERGED from [com.android.support:appcompat-v7:28.0.0] AndroidManifest.xml:17:1-22:12
MERGED from [com.alibaba.android:ultraviewpager:1.0.7.7] AndroidManifest.xml:27:1-36:12
MERGED from [io.reactivex.rxjava2:rxandroid:2.0.1] AndroidManifest.xml:15:1-21:12
MERGED from [com.paypal.sdk:paypal-android-sdk:2.16.0] AndroidManifest.xml:2:1-28:12
MERGED from [:updateapputils] AndroidManifest.xml:2:1-28:12
MERGED from [com.contrarywind:Android-PickerView:4.1.8] AndroidManifest.xml:2:1-11:12
MERGED from [com.yanzhenjie.recyclerview:support:1.3.2] AndroidManifest.xml:17:1-24:12
MERGED from [com.scwang.smartrefresh:SmartRefreshLayout:1.1.0-alpha-21] AndroidManifest.xml:2:1-17:12
MERGED from [com.scwang.smartrefresh:SmartRefreshHeader:1.1.0-alpha-21] AndroidManifest.xml:2:1-17:12
MERGED from [com.alibaba.android:vlayout:1.2.8] AndroidManifest.xml:25:1-35:12
MERGED from [com.jakewharton:butterknife:9.0.0] AndroidManifest.xml:2:1-7:12
MERGED from [cn.bingoogolapple:bga-banner:2.2.6] AndroidManifest.xml:2:1-9:12
MERGED from [com.hjq:xxpermissions:5.5] AndroidManifest.xml:2:1-11:12
MERGED from [com.youth.banner:banner:1.4.10] AndroidManifest.xml:2:1-11:12
MERGED from [com.andkulikov:transitionseverywhere:1.7.0] AndroidManifest.xml:2:1-14:12
MERGED from [com.commit451:PhotoView:1.2.4] AndroidManifest.xml:2:1-12:12
MERGED from [com.android.support:support-v4:28.0.0] AndroidManifest.xml:17:1-22:12
MERGED from [com.flyco.tablayout:FlycoTabLayout_Lib:2.0.2] AndroidManifest.xml:2:1-16:12
MERGED from [com.shuyu:GSYVideoPlayer-exo2:6.0.3] AndroidManifest.xml:2:1-11:12
MERGED from [com.shuyu:gsyVideoPlayer-ex_so:6.0.3] AndroidManifest.xml:2:1-17:12
MERGED from [com.android.support:support-fragment:28.0.0] AndroidManifest.xml:17:1-22:12
MERGED from [com.android.support:animated-vector-drawable:28.0.0] AndroidManifest.xml:17:1-22:12
MERGED from [com.android.support:recyclerview-v7:28.0.0] AndroidManifest.xml:17:1-22:12
MERGED from [com.android.support:support-core-ui:28.0.0] AndroidManifest.xml:17:1-22:12
MERGED from [com.android.support:support-core-utils:28.0.0] AndroidManifest.xml:17:1-22:12
MERGED from [com.jakewharton:butterknife-runtime:9.0.0] AndroidManifest.xml:2:1-7:12
MERGED from [com.android.support:transition:28.0.0] AndroidManifest.xml:17:1-22:12
MERGED from [tv.danmaku.ijk.media:ijkplayer-exo:0.8.8] AndroidManifest.xml:2:1-15:12
MERGED from [com.google.android.exoplayer:exoplayer:2.9.3] AndroidManifest.xml:17:1-24:12
MERGED from [com.google.android.exoplayer:exoplayer-ui:2.9.3] AndroidManifest.xml:17:1-24:12
MERGED from [com.android.support:support-media-compat:28.0.0] AndroidManifest.xml:17:1-22:12
MERGED from [com.android.support:loader:28.0.0] AndroidManifest.xml:17:1-22:12
MERGED from [com.android.support:support-vector-drawable:28.0.0] AndroidManifest.xml:17:1-22:12
MERGED from [com.android.support:viewpager:28.0.0] AndroidManifest.xml:17:1-22:12
MERGED from [com.android.support:coordinatorlayout:28.0.0] AndroidManifest.xml:17:1-22:12
MERGED from [com.android.support:drawerlayout:28.0.0] AndroidManifest.xml:17:1-22:12
MERGED from [com.android.support:slidingpanelayout:28.0.0] AndroidManifest.xml:17:1-22:12
MERGED from [com.android.support:customview:28.0.0] AndroidManifest.xml:17:1-22:12
MERGED from [com.android.support:swiperefreshlayout:28.0.0] AndroidManifest.xml:17:1-22:12
MERGED from [com.android.support:asynclayoutinflater:28.0.0] AndroidManifest.xml:17:1-22:12
MERGED from [com.android.support:support-compat:28.0.0] AndroidManifest.xml:17:1-24:12
MERGED from [com.android.support:versionedparcelable:28.0.0] AndroidManifest.xml:17:1-25:12
MERGED from [com.android.support:cursoradapter:28.0.0] AndroidManifest.xml:17:1-22:12
MERGED from [com.contrarywind:wheelview:4.0.9] AndroidManifest.xml:2:1-11:12
MERGED from [com.android.support:cardview-v7:28.0.0] AndroidManifest.xml:17:1-22:12
MERGED from [com.google.android.exoplayer:extension-rtmp:2.9.3] AndroidManifest.xml:17:1-24:12
MERGED from [android.arch.lifecycle:runtime:1.1.1] AndroidManifest.xml:17:1-22:12
MERGED from [com.android.support:documentfile:28.0.0] AndroidManifest.xml:17:1-22:12
MERGED from [com.android.support:localbroadcastmanager:28.0.0] AndroidManifest.xml:17:1-22:12
MERGED from [com.android.support:print:28.0.0] AndroidManifest.xml:17:1-22:12
MERGED from [android.arch.lifecycle:viewmodel:1.1.1] AndroidManifest.xml:17:1-22:12
MERGED from [com.android.support:interpolator:28.0.0] AndroidManifest.xml:17:1-22:12
MERGED from [com.google.android.exoplayer:exoplayer-dash:2.9.3] AndroidManifest.xml:17:1-24:12
MERGED from [com.google.android.exoplayer:exoplayer-hls:2.9.3] AndroidManifest.xml:17:1-24:12
MERGED from [com.google.android.exoplayer:exoplayer-smoothstreaming:2.9.3] AndroidManifest.xml:17:1-24:12
MERGED from [com.google.android.exoplayer:exoplayer-core:2.9.3] AndroidManifest.xml:17:1-26:12
MERGED from [android.arch.lifecycle:livedata:1.1.1] AndroidManifest.xml:17:1-22:12
MERGED from [android.arch.lifecycle:livedata-core:1.1.1] AndroidManifest.xml:17:1-22:12
MERGED from [android.arch.core:runtime:1.1.1] AndroidManifest.xml:17:1-22:12
MERGED from [com.android.support.constraint:constraint-layout:1.0.2] AndroidManifest.xml:2:1-11:12
MERGED from [com.shuyu:gsyVideoPlayer-base:6.0.3] AndroidManifest.xml:2:1-11:12
MERGED from [tv.danmaku.ijk.media:ijkplayer-java:0.8.8] AndroidManifest.xml:2:1-9:12
MERGED from [com.shuyu:gsyvideoplayer-androidvideocache:6.0.3] AndroidManifest.xml:2:1-17:12
MERGED from [net.butterflytv.utils:rtmp-client:3.0.1] AndroidManifest.xml:2:1-13:12
INJECTED from src\main\AndroidManifest.xml:2:1-377:12
INJECTED from src\main\AndroidManifest.xml:2:1-377:12
INJECTED from src\main\AndroidManifest.xml:2:1-377:12
	package
		ADDED from src\main\AndroidManifest.xml:4:5-34
		INJECTED from src\main\AndroidManifest.xml
		INJECTED from src\main\AndroidManifest.xml
	android:versionName
		INJECTED from src\main\AndroidManifest.xml
		ADDED from src\main\AndroidManifest.xml:2:1-377:12
		INJECTED from src\main\AndroidManifest.xml
	xmlns:tools
		ADDED from src\main\AndroidManifest.xml:3:5-51
	android:versionCode
		INJECTED from src\main\AndroidManifest.xml
		ADDED from src\main\AndroidManifest.xml:2:1-377:12
		INJECTED from src\main\AndroidManifest.xml
	xmlns:android
		ADDED from src\main\AndroidManifest.xml:2:11-69
uses-permission#android.permission.READ_EXTERNAL_STORAGE
ADDED from src\main\AndroidManifest.xml:6:5-80
MERGED from [:easemob_lib] AndroidManifest.xml:18:5-80
MERGED from [:easemob_lib] AndroidManifest.xml:18:5-80
	android:name
		ADDED from src\main\AndroidManifest.xml:6:22-77
uses-permission#android.permission.SYSTEM_ALERT_WINDOW
ADDED from src\main\AndroidManifest.xml:7:5-78
	android:name
		ADDED from src\main\AndroidManifest.xml:7:22-75
uses-permission#android.permission.GET_TASKS
ADDED from src\main\AndroidManifest.xml:8:5-68
MERGED from [:easemob_lib] AndroidManifest.xml:23:5-68
MERGED from [:easemob_lib] AndroidManifest.xml:23:5-68
	android:name
		ADDED from src\main\AndroidManifest.xml:8:22-65
uses-permission#android.permission.WRITE_SETTINGS
ADDED from src\main\AndroidManifest.xml:9:5-73
	android:name
		ADDED from src\main\AndroidManifest.xml:9:22-70
uses-permission#android.permission.RECEIVE_SMS
ADDED from src\main\AndroidManifest.xml:10:5-70
	android:name
		ADDED from src\main\AndroidManifest.xml:10:22-67
uses-permission#android.permission.ACCESS_COARSE_LOCATION
ADDED from src\main\AndroidManifest.xml:12:5-81
	android:name
		ADDED from src\main\AndroidManifest.xml:12:22-78
uses-permission#android.permission.ACCESS_FINE_LOCATION
ADDED from src\main\AndroidManifest.xml:13:5-79
MERGED from [:easemob_lib] AndroidManifest.xml:22:5-79
MERGED from [:easemob_lib] AndroidManifest.xml:22:5-79
	android:name
		ADDED from src\main\AndroidManifest.xml:13:22-76
uses-permission#android.permission.ACCESS_WIFI_STATE
ADDED from src\main\AndroidManifest.xml:14:5-76
MERGED from [:easemob_lib] AndroidManifest.xml:24:5-76
MERGED from [:easemob_lib] AndroidManifest.xml:24:5-76
	android:name
		ADDED from src\main\AndroidManifest.xml:14:22-73
uses-permission#android.permission.ACCESS_NETWORK_STATE
ADDED from src\main\AndroidManifest.xml:15:5-79
MERGED from [:easemob_lib] AndroidManifest.xml:16:5-79
MERGED from [:easemob_lib] AndroidManifest.xml:16:5-79
MERGED from [com.paypal.sdk:paypal-android-sdk:2.16.0] AndroidManifest.xml:9:5-79
MERGED from [com.paypal.sdk:paypal-android-sdk:2.16.0] AndroidManifest.xml:9:5-79
MERGED from [com.google.android.exoplayer:exoplayer-core:2.9.3] AndroidManifest.xml:24:5-79
MERGED from [com.google.android.exoplayer:exoplayer-core:2.9.3] AndroidManifest.xml:24:5-79
	android:name
		ADDED from src\main\AndroidManifest.xml:15:22-76
uses-permission#android.permission.CHANGE_WIFI_STATE
ADDED from src\main\AndroidManifest.xml:16:5-76
MERGED from [:easemob_lib] AndroidManifest.xml:30:5-76
MERGED from [:easemob_lib] AndroidManifest.xml:30:5-76
	android:name
		ADDED from src\main\AndroidManifest.xml:16:22-73
uses-permission#android.permission.READ_PHONE_STATE
ADDED from src\main\AndroidManifest.xml:17:5-75
MERGED from [:easemob_lib] AndroidManifest.xml:26:5-75
MERGED from [:easemob_lib] AndroidManifest.xml:26:5-75
	android:name
		ADDED from src\main\AndroidManifest.xml:17:22-72
uses-permission#android.permission.WRITE_EXTERNAL_STORAGE
ADDED from src\main\AndroidManifest.xml:18:5-81
MERGED from [:easemob_lib] AndroidManifest.xml:17:5-81
MERGED from [:easemob_lib] AndroidManifest.xml:17:5-81
	android:name
		ADDED from src\main\AndroidManifest.xml:18:22-78
uses-permission#android.permission.INTERNET
ADDED from src\main\AndroidManifest.xml:19:5-67
MERGED from [:easemob_lib] AndroidManifest.xml:13:5-67
MERGED from [:easemob_lib] AndroidManifest.xml:13:5-67
MERGED from [com.paypal.sdk:paypal-android-sdk:2.16.0] AndroidManifest.xml:10:5-67
MERGED from [com.paypal.sdk:paypal-android-sdk:2.16.0] AndroidManifest.xml:10:5-67
MERGED from [net.butterflytv.utils:rtmp-client:3.0.1] AndroidManifest.xml:11:5-67
MERGED from [net.butterflytv.utils:rtmp-client:3.0.1] AndroidManifest.xml:11:5-67
	android:name
		ADDED from src\main\AndroidManifest.xml:19:22-64
uses-permission#android.permission.MOUNT_UNMOUNT_FILESYSTEMS
ADDED from src\main\AndroidManifest.xml:20:5-84
MERGED from [:easemob_lib] AndroidManifest.xml:19:5-21:47
MERGED from [:easemob_lib] AndroidManifest.xml:19:5-21:47
	tools:ignore
		ADDED from [:easemob_lib] AndroidManifest.xml:21:9-44
	android:name
		ADDED from src\main\AndroidManifest.xml:20:22-81
uses-feature#android.hardware.Camera
ADDED from src\main\AndroidManifest.xml:23:5-60
	android:name
		ADDED from src\main\AndroidManifest.xml:23:19-57
uses-feature#android.hardware.camera.autofocus
ADDED from src\main\AndroidManifest.xml:24:5-70
	android:name
		ADDED from src\main\AndroidManifest.xml:24:19-67
uses-permission#android.permission.VIBRATE
ADDED from src\main\AndroidManifest.xml:26:5-66
MERGED from [:easemob_lib] AndroidManifest.xml:12:5-66
MERGED from [:easemob_lib] AndroidManifest.xml:12:5-66
	android:name
		ADDED from src\main\AndroidManifest.xml:26:22-63
uses-permission#android.permission.CAMERA
ADDED from src\main\AndroidManifest.xml:27:5-65
MERGED from [:easemob_lib] AndroidManifest.xml:15:5-65
MERGED from [:easemob_lib] AndroidManifest.xml:15:5-65
	android:name
		ADDED from src\main\AndroidManifest.xml:27:22-62
uses-permission#android.permission.ACCESS_MOCK_LOCATION
ADDED from src\main\AndroidManifest.xml:28:5-79
	android:name
		ADDED from src\main\AndroidManifest.xml:28:22-76
uses-permission#android.permission.WAKE_LOCK
ADDED from src\main\AndroidManifest.xml:29:5-68
MERGED from [:easemob_lib] AndroidManifest.xml:25:5-68
MERGED from [:easemob_lib] AndroidManifest.xml:25:5-68
	android:name
		ADDED from src\main\AndroidManifest.xml:29:22-65
uses-permission#android.permission.MODIFY_AUDIO_SETTINGS
ADDED from src\main\AndroidManifest.xml:30:5-80
	android:name
		ADDED from src\main\AndroidManifest.xml:30:22-77
uses-permission#android.permission.RECEIVE_BOOT_COMPLETED
ADDED from src\main\AndroidManifest.xml:31:5-81
MERGED from [:easemob_lib] AndroidManifest.xml:27:5-81
MERGED from [:easemob_lib] AndroidManifest.xml:27:5-81
	android:name
		ADDED from src\main\AndroidManifest.xml:31:22-78
uses-permission#android.permission.CHANGE_NETWORK_STATE
ADDED from src\main\AndroidManifest.xml:32:5-78
	android:name
		ADDED from src\main\AndroidManifest.xml:32:22-76
application
ADDED from src\main\AndroidManifest.xml:34:5-375:19
MERGED from [:picture_library] AndroidManifest.xml:11:5-37:19
MERGED from [:picture_library] AndroidManifest.xml:11:5-37:19
MERGED from [com.androidkun:XTabLayout:1.1.4] AndroidManifest.xml:11:5-14:19
MERGED from [com.androidkun:XTabLayout:1.1.4] AndroidManifest.xml:11:5-14:19
MERGED from [com.stripe:stripe-android:9.3.6] AndroidManifest.xml:11:5-28:19
MERGED from [com.stripe:stripe-android:9.3.6] AndroidManifest.xml:11:5-28:19
MERGED from [:easemob_lib] AndroidManifest.xml:32:5-121:19
MERGED from [:easemob_lib] AndroidManifest.xml:32:5-121:19
MERGED from [com.github.hss01248:DialogUtil:2.0.1] AndroidManifest.xml:11:5-15:19
MERGED from [com.github.hss01248:DialogUtil:2.0.1] AndroidManifest.xml:11:5-15:19
MERGED from [com.stripe:stripe-3ds2-android:0.0.18] AndroidManifest.xml:11:5-18:19
MERGED from [com.stripe:stripe-3ds2-android:0.0.18] AndroidManifest.xml:11:5-18:19
MERGED from [com.android.support:design:28.0.0] AndroidManifest.xml:22:5-20
MERGED from [com.android.support:design:28.0.0] AndroidManifest.xml:22:5-20
MERGED from [liji.library.dev:citypickerview:4.2.1] AndroidManifest.xml:11:5-35:19
MERGED from [liji.library.dev:citypickerview:4.2.1] AndroidManifest.xml:11:5-35:19
MERGED from [com.shuyu:gsyVideoPlayer-java:6.0.3] AndroidManifest.xml:11:5-15:19
MERGED from [com.shuyu:gsyVideoPlayer-java:6.0.3] AndroidManifest.xml:11:5-15:19
MERGED from [:ucrop] AndroidManifest.xml:11:5-14:19
MERGED from [:ucrop] AndroidManifest.xml:11:5-14:19
MERGED from [com.paypal.sdk:paypal-android-sdk:2.16.0] AndroidManifest.xml:12:5-26:19
MERGED from [com.paypal.sdk:paypal-android-sdk:2.16.0] AndroidManifest.xml:12:5-26:19
MERGED from [:updateapputils] AndroidManifest.xml:13:5-26:19
MERGED from [:updateapputils] AndroidManifest.xml:13:5-26:19
MERGED from [com.scwang.smartrefresh:SmartRefreshLayout:1.1.0-alpha-21] AndroidManifest.xml:11:5-15:19
MERGED from [com.scwang.smartrefresh:SmartRefreshLayout:1.1.0-alpha-21] AndroidManifest.xml:11:5-15:19
MERGED from [com.scwang.smartrefresh:SmartRefreshHeader:1.1.0-alpha-21] AndroidManifest.xml:11:5-15:19
MERGED from [com.scwang.smartrefresh:SmartRefreshHeader:1.1.0-alpha-21] AndroidManifest.xml:11:5-15:19
MERGED from [com.andkulikov:transitionseverywhere:1.7.0] AndroidManifest.xml:12:5-20
MERGED from [com.andkulikov:transitionseverywhere:1.7.0] AndroidManifest.xml:12:5-20
MERGED from [com.flyco.tablayout:FlycoTabLayout_Lib:2.0.2] AndroidManifest.xml:11:5-14:19
MERGED from [com.flyco.tablayout:FlycoTabLayout_Lib:2.0.2] AndroidManifest.xml:11:5-14:19
MERGED from [com.shuyu:gsyVideoPlayer-ex_so:6.0.3] AndroidManifest.xml:11:5-15:19
MERGED from [com.shuyu:gsyVideoPlayer-ex_so:6.0.3] AndroidManifest.xml:11:5-15:19
MERGED from [tv.danmaku.ijk.media:ijkplayer-exo:0.8.8] AndroidManifest.xml:9:5-13:19
MERGED from [tv.danmaku.ijk.media:ijkplayer-exo:0.8.8] AndroidManifest.xml:9:5-13:19
MERGED from [com.android.support:support-compat:28.0.0] AndroidManifest.xml:22:5-94
MERGED from [com.android.support:support-compat:28.0.0] AndroidManifest.xml:22:5-94
MERGED from [com.android.support:versionedparcelable:28.0.0] AndroidManifest.xml:22:5-23:19
MERGED from [com.android.support:versionedparcelable:28.0.0] AndroidManifest.xml:22:5-23:19
MERGED from [com.android.support.constraint:constraint-layout:1.0.2] AndroidManifest.xml:9:5-20
MERGED from [com.android.support.constraint:constraint-layout:1.0.2] AndroidManifest.xml:9:5-20
MERGED from [com.shuyu:gsyvideoplayer-androidvideocache:6.0.3] AndroidManifest.xml:11:5-15:19
MERGED from [com.shuyu:gsyvideoplayer-androidvideocache:6.0.3] AndroidManifest.xml:11:5-15:19
	android:supportsRtl
		ADDED from src\main\AndroidManifest.xml:41:9-35
	android:label
		ADDED from src\main\AndroidManifest.xml:39:9-41
	android:appComponentFactory
		ADDED from src\main\AndroidManifest.xml:37:9-40
		REJECTED from [com.android.support:support-compat:28.0.0] AndroidManifest.xml:22:18-91
	android:roundIcon
		ADDED from src\main\AndroidManifest.xml:40:9-45
	android:icon
		ADDED from src\main\AndroidManifest.xml:38:9-40
	android:allowBackup
		ADDED from src\main\AndroidManifest.xml:36:9-35
	android:theme
		ADDED from src\main\AndroidManifest.xml:42:9-40
	tools:replace
		ADDED from src\main\AndroidManifest.xml:43:9-52
	android:usesCleartextTraffic
		ADDED from [:easemob_lib] AndroidManifest.xml:32:18-53
	android:name
		ADDED from src\main\AndroidManifest.xml:35:9-44
uses-library#org.apache.http.legacy
ADDED from src\main\AndroidManifest.xml:44:9-87
MERGED from [:easemob_lib] AndroidManifest.xml:33:9-35:40
MERGED from [:easemob_lib] AndroidManifest.xml:33:9-35:40
	android:required
		ADDED from src\main\AndroidManifest.xml:44:61-85
	android:name
		ADDED from src\main\AndroidManifest.xml:44:23-60
provider#android.support.v4.content.FileProvider
ADDED from src\main\AndroidManifest.xml:45:9-54:20
	android:grantUriPermissions
		ADDED from src\main\AndroidManifest.xml:49:13-47
	android:authorities
		ADDED from src\main\AndroidManifest.xml:47:13-67
	android:exported
		ADDED from src\main\AndroidManifest.xml:48:13-37
	tools:replace
		ADDED from src\main\AndroidManifest.xml:50:13-48
	android:name
		ADDED from src\main\AndroidManifest.xml:46:13-67
meta-data#android.support.FILE_PROVIDER_PATHS
ADDED from src\main\AndroidManifest.xml:51:13-53:54
	android:resource
		ADDED from src\main\AndroidManifest.xml:53:17-51
	android:name
		ADDED from src\main\AndroidManifest.xml:52:17-67
activity#com.benben.megamart.MainActivity
ADDED from src\main\AndroidManifest.xml:56:9-63:20
	android:label
		ADDED from src\main\AndroidManifest.xml:58:13-45
	android:launchMode
		ADDED from src\main\AndroidManifest.xml:59:13-44
	android:windowSoftInputMode
		ADDED from src\main\AndroidManifest.xml:61:13-64
	android:theme
		ADDED from src\main\AndroidManifest.xml:60:13-47
	android:name
		ADDED from src\main\AndroidManifest.xml:57:13-41
activity#com.benben.megamart.ui.LoginActivity
ADDED from src\main\AndroidManifest.xml:64:9-70:20
	android:label
		ADDED from src\main\AndroidManifest.xml:66:13-45
	android:windowSoftInputMode
		ADDED from src\main\AndroidManifest.xml:68:13-64
	android:theme
		ADDED from src\main\AndroidManifest.xml:67:13-47
	android:name
		ADDED from src\main\AndroidManifest.xml:65:13-45
activity#com.benben.megamart.ui.RegisterActivity
ADDED from src\main\AndroidManifest.xml:71:9-77:20
	android:label
		ADDED from src\main\AndroidManifest.xml:73:13-45
	android:windowSoftInputMode
		ADDED from src\main\AndroidManifest.xml:75:13-64
	android:theme
		ADDED from src\main\AndroidManifest.xml:74:13-47
	android:name
		ADDED from src\main\AndroidManifest.xml:72:13-48
activity#com.benben.megamart.ui.RetrievePasswordAvtivity
ADDED from src\main\AndroidManifest.xml:78:9-84:20
	android:label
		ADDED from src\main\AndroidManifest.xml:80:13-45
	android:windowSoftInputMode
		ADDED from src\main\AndroidManifest.xml:82:13-64
	android:theme
		ADDED from src\main\AndroidManifest.xml:81:13-47
	android:name
		ADDED from src\main\AndroidManifest.xml:79:13-56
activity#com.benben.megamart.ui.LocationActivity
ADDED from src\main\AndroidManifest.xml:85:9-91:20
	android:label
		ADDED from src\main\AndroidManifest.xml:87:13-45
	android:windowSoftInputMode
		ADDED from src\main\AndroidManifest.xml:89:13-64
	android:theme
		ADDED from src\main\AndroidManifest.xml:88:13-47
	android:name
		ADDED from src\main\AndroidManifest.xml:86:13-48
activity#com.benben.megamart.ui.MessageListActivity
ADDED from src\main\AndroidManifest.xml:92:9-98:20
	android:label
		ADDED from src\main\AndroidManifest.xml:94:13-45
	android:windowSoftInputMode
		ADDED from src\main\AndroidManifest.xml:96:13-64
	android:theme
		ADDED from src\main\AndroidManifest.xml:95:13-47
	android:name
		ADDED from src\main\AndroidManifest.xml:93:13-51
activity#com.benben.megamart.ui.HomeGoodsListActivity
ADDED from src\main\AndroidManifest.xml:99:9-105:20
	android:label
		ADDED from src\main\AndroidManifest.xml:101:13-45
	android:windowSoftInputMode
		ADDED from src\main\AndroidManifest.xml:103:13-64
	android:theme
		ADDED from src\main\AndroidManifest.xml:102:13-47
	android:name
		ADDED from src\main\AndroidManifest.xml:100:13-53
activity#com.benben.megamart.ui.HomeBlockGoodsListActivity
ADDED from src\main\AndroidManifest.xml:106:9-112:20
	android:label
		ADDED from src\main\AndroidManifest.xml:108:13-45
	android:windowSoftInputMode
		ADDED from src\main\AndroidManifest.xml:110:13-64
	android:theme
		ADDED from src\main\AndroidManifest.xml:109:13-47
	android:name
		ADDED from src\main\AndroidManifest.xml:107:13-58
activity#com.benben.megamart.ui.MessageNoticListActivity
ADDED from src\main\AndroidManifest.xml:113:9-119:20
	android:label
		ADDED from src\main\AndroidManifest.xml:115:13-45
	android:windowSoftInputMode
		ADDED from src\main\AndroidManifest.xml:117:13-64
	android:theme
		ADDED from src\main\AndroidManifest.xml:116:13-47
	android:name
		ADDED from src\main\AndroidManifest.xml:114:13-56
activity#com.benben.megamart.ui.SearchGoodsListActivity
ADDED from src\main\AndroidManifest.xml:120:9-126:20
	android:label
		ADDED from src\main\AndroidManifest.xml:122:13-45
	android:windowSoftInputMode
		ADDED from src\main\AndroidManifest.xml:124:13-64
	android:theme
		ADDED from src\main\AndroidManifest.xml:123:13-47
	android:name
		ADDED from src\main\AndroidManifest.xml:121:13-55
activity#com.benben.megamart.ui.CommonWebViewActivity
ADDED from src\main\AndroidManifest.xml:127:9-133:20
	android:label
		ADDED from src\main\AndroidManifest.xml:129:13-45
	android:windowSoftInputMode
		ADDED from src\main\AndroidManifest.xml:131:13-64
	android:theme
		ADDED from src\main\AndroidManifest.xml:130:13-47
	android:name
		ADDED from src\main\AndroidManifest.xml:128:13-53
activity#com.benben.megamart.ui.DiscountGoodsListActivity
ADDED from src\main\AndroidManifest.xml:134:9-140:20
	android:label
		ADDED from src\main\AndroidManifest.xml:136:13-45
	android:windowSoftInputMode
		ADDED from src\main\AndroidManifest.xml:138:13-64
	android:theme
		ADDED from src\main\AndroidManifest.xml:137:13-47
	android:name
		ADDED from src\main\AndroidManifest.xml:135:13-57
activity#com.benben.megamart.ui.GuideActivity
ADDED from src\main\AndroidManifest.xml:141:9-152:20
	android:label
		ADDED from src\main\AndroidManifest.xml:143:13-45
	android:windowSoftInputMode
		ADDED from src\main\AndroidManifest.xml:145:13-64
	android:theme
		ADDED from src\main\AndroidManifest.xml:144:13-47
	android:name
		ADDED from src\main\AndroidManifest.xml:142:13-45
intent-filter#action:name:android.intent.action.MAIN+category:name:android.intent.category.LAUNCHER
ADDED from src\main\AndroidManifest.xml:146:13-150:29
action#android.intent.action.MAIN
ADDED from src\main\AndroidManifest.xml:147:17-69
	android:name
		ADDED from src\main\AndroidManifest.xml:147:25-66
category#android.intent.category.LAUNCHER
ADDED from src\main\AndroidManifest.xml:149:17-77
	android:name
		ADDED from src\main\AndroidManifest.xml:149:27-74
activity#com.benben.megamart.ui.SplashActivity
ADDED from src\main\AndroidManifest.xml:153:9-159:20
	android:label
		ADDED from src\main\AndroidManifest.xml:155:13-45
	android:windowSoftInputMode
		ADDED from src\main\AndroidManifest.xml:157:13-64
	android:theme
		ADDED from src\main\AndroidManifest.xml:156:13-47
	android:name
		ADDED from src\main\AndroidManifest.xml:154:13-46
activity#com.benben.megamart.ui.SearchGoodsRecordActivity
ADDED from src\main\AndroidManifest.xml:160:9-166:20
	android:label
		ADDED from src\main\AndroidManifest.xml:162:13-45
	android:windowSoftInputMode
		ADDED from src\main\AndroidManifest.xml:164:13-78
	android:theme
		ADDED from src\main\AndroidManifest.xml:163:13-47
	android:name
		ADDED from src\main\AndroidManifest.xml:161:13-57
activity#com.benben.megamart.ui.SubmitOrderActivity
ADDED from src\main\AndroidManifest.xml:167:9-173:20
	android:label
		ADDED from src\main\AndroidManifest.xml:169:13-45
	android:windowSoftInputMode
		ADDED from src\main\AndroidManifest.xml:171:13-64
	android:theme
		ADDED from src\main\AndroidManifest.xml:170:13-47
	android:name
		ADDED from src\main\AndroidManifest.xml:168:13-51
activity#com.benben.megamart.ui.PaymentResultActivity
ADDED from src\main\AndroidManifest.xml:174:9-180:20
	android:label
		ADDED from src\main\AndroidManifest.xml:176:13-45
	android:windowSoftInputMode
		ADDED from src\main\AndroidManifest.xml:178:13-64
	android:theme
		ADDED from src\main\AndroidManifest.xml:177:13-47
	android:name
		ADDED from src\main\AndroidManifest.xml:175:13-53
activity#com.benben.megamart.ui.GoodsDetailsActivity
ADDED from src\main\AndroidManifest.xml:181:9-187:20
	android:label
		ADDED from src\main\AndroidManifest.xml:183:13-45
	android:windowSoftInputMode
		ADDED from src\main\AndroidManifest.xml:185:13-64
	android:theme
		ADDED from src\main\AndroidManifest.xml:184:13-47
	android:name
		ADDED from src\main\AndroidManifest.xml:182:13-52
activity#com.benben.megamart.ui.mine.SettingActivity
ADDED from src\main\AndroidManifest.xml:190:9-193:50
	android:screenOrientation
		ADDED from src\main\AndroidManifest.xml:192:13-49
	android:theme
		ADDED from src\main\AndroidManifest.xml:193:13-47
	android:name
		ADDED from src\main\AndroidManifest.xml:191:13-52
activity#com.benben.megamart.ui.mine.UpdatePasswordActivity
ADDED from src\main\AndroidManifest.xml:195:9-198:50
	android:screenOrientation
		ADDED from src\main\AndroidManifest.xml:197:13-49
	android:theme
		ADDED from src\main\AndroidManifest.xml:198:13-47
	android:name
		ADDED from src\main\AndroidManifest.xml:196:13-59
activity#com.benben.megamart.ui.mine.SelectLanguageActivity
ADDED from src\main\AndroidManifest.xml:200:9-203:50
	android:screenOrientation
		ADDED from src\main\AndroidManifest.xml:202:13-49
	android:theme
		ADDED from src\main\AndroidManifest.xml:203:13-47
	android:name
		ADDED from src\main\AndroidManifest.xml:201:13-59
activity#com.benben.megamart.ui.mine.PersonDataActivity
ADDED from src\main\AndroidManifest.xml:205:9-208:50
	android:screenOrientation
		ADDED from src\main\AndroidManifest.xml:207:13-49
	android:theme
		ADDED from src\main\AndroidManifest.xml:208:13-47
	android:name
		ADDED from src\main\AndroidManifest.xml:206:13-55
activity#com.benben.megamart.ui.mine.PersonEditorActivity
ADDED from src\main\AndroidManifest.xml:210:9-213:50
	android:screenOrientation
		ADDED from src\main\AndroidManifest.xml:212:13-49
	android:theme
		ADDED from src\main\AndroidManifest.xml:213:13-47
	android:name
		ADDED from src\main\AndroidManifest.xml:211:13-57
activity#com.benben.megamart.ui.mine.BindingPhoneActivity
ADDED from src\main\AndroidManifest.xml:216:9-219:50
	android:screenOrientation
		ADDED from src\main\AndroidManifest.xml:218:13-49
	android:theme
		ADDED from src\main\AndroidManifest.xml:219:13-47
	android:name
		ADDED from src\main\AndroidManifest.xml:217:13-57
activity#com.benben.megamart.ui.mine.UpdatePhoneActivity
ADDED from src\main\AndroidManifest.xml:221:9-224:50
	android:screenOrientation
		ADDED from src\main\AndroidManifest.xml:223:13-49
	android:theme
		ADDED from src\main\AndroidManifest.xml:224:13-47
	android:name
		ADDED from src\main\AndroidManifest.xml:222:13-56
activity#com.benben.megamart.ui.mine.BindingEmailActivity
ADDED from src\main\AndroidManifest.xml:226:9-229:50
	android:screenOrientation
		ADDED from src\main\AndroidManifest.xml:228:13-49
	android:theme
		ADDED from src\main\AndroidManifest.xml:229:13-47
	android:name
		ADDED from src\main\AndroidManifest.xml:227:13-57
activity#com.benben.megamart.ui.mine.UpdateEmailActivity
ADDED from src\main\AndroidManifest.xml:231:9-234:50
	android:screenOrientation
		ADDED from src\main\AndroidManifest.xml:233:13-49
	android:theme
		ADDED from src\main\AndroidManifest.xml:234:13-47
	android:name
		ADDED from src\main\AndroidManifest.xml:232:13-56
activity#com.benben.megamart.ui.mine.MyWalletActivity
ADDED from src\main\AndroidManifest.xml:237:9-240:50
	android:screenOrientation
		ADDED from src\main\AndroidManifest.xml:239:13-49
	android:theme
		ADDED from src\main\AndroidManifest.xml:240:13-47
	android:name
		ADDED from src\main\AndroidManifest.xml:238:13-53
activity#com.benben.megamart.ui.mine.RechargeActivity
ADDED from src\main\AndroidManifest.xml:242:9-245:50
	android:screenOrientation
		ADDED from src\main\AndroidManifest.xml:244:13-49
	android:theme
		ADDED from src\main\AndroidManifest.xml:245:13-47
	android:name